<?xml version="1.0" encoding="UTF-8"?>
<coverage generated="1654375113754" clover="3.2.0">
  <project timestamp="1654375113754" name="All files">
    <metrics statements="88" coveredstatements="76" conditionals="25" coveredconditionals="19" methods="43" coveredmethods="37" elements="156" coveredelements="132" complexity="0" loc="88" ncloc="88" packages="1" files="4" classes="4"/>
    <file name="BinaryHeap.ts" path="/home/sanchezcarlosjr/Workspace/maze-graph-theory/src/lib/domain/data_structures/BinaryHeap.ts">
      <metrics statements="26" coveredstatements="24" conditionals="6" coveredconditionals="6" methods="12" coveredmethods="10"/>
      <line num="1" count="1" type="stmt"/>
      <line num="2" count="1" type="stmt"/>
      <line num="4" count="1" type="stmt"/>
      <line num="5" count="8" type="cond" truecount="2" falsecount="0"/>
      <line num="6" count="8" type="stmt"/>
      <line num="10" count="0" type="stmt"/>
      <line num="14" count="0" type="stmt"/>
      <line num="18" count="57" type="stmt"/>
      <line num="22" count="15" type="stmt"/>
      <line num="23" count="15" type="stmt"/>
      <line num="24" count="15" type="stmt"/>
      <line num="25" count="15" type="stmt"/>
      <line num="29" count="33" type="stmt"/>
      <line num="30" count="33" type="stmt"/>
      <line num="34" count="37" type="stmt"/>
      <line num="38" count="34" type="stmt"/>
      <line num="39" count="34" type="stmt"/>
      <line num="44" count="3" type="stmt"/>
      <line num="45" count="3" type="stmt"/>
      <line num="49" count="1" type="stmt"/>
      <line num="50" count="6" type="stmt"/>
      <line num="55" count="7" type="stmt"/>
      <line num="60" count="23" type="cond" truecount="2" falsecount="0"/>
      <line num="61" count="22" type="stmt"/>
      <line num="62" count="22" type="stmt"/>
      <line num="67" count="45" type="stmt"/>
    </file>
    <file name="BinaryTree.ts" path="/home/sanchezcarlosjr/Workspace/maze-graph-theory/src/lib/domain/data_structures/BinaryTree.ts">
      <metrics statements="25" coveredstatements="20" conditionals="7" coveredconditionals="6" methods="16" coveredmethods="14"/>
      <line num="1" count="1" type="stmt"/>
      <line num="2" count="9" type="cond" truecount="1" falsecount="0"/>
      <line num="6" count="140" type="stmt"/>
      <line num="10" count="0" type="stmt"/>
      <line num="15" count="175" type="cond" truecount="1" falsecount="0"/>
      <line num="18" count="127" type="stmt"/>
      <line num="23" count="243" type="cond" truecount="2" falsecount="0"/>
      <line num="27" count="3" type="stmt"/>
      <line num="31" count="7" type="cond" truecount="0" falsecount="1"/>
      <line num="32" count="0" type="stmt"/>
      <line num="34" count="7" type="stmt"/>
      <line num="36" count="72" type="cond" truecount="2" falsecount="0"/>
      <line num="42" count="71" type="stmt"/>
      <line num="43" count="71" type="stmt"/>
      <line num="44" count="71" type="stmt"/>
      <line num="48" count="0" type="stmt"/>
      <line num="49" count="0" type="stmt"/>
      <line num="50" count="0" type="stmt"/>
      <line num="54" count="15" type="stmt"/>
      <line num="58" count="126" type="stmt"/>
      <line num="62" count="90" type="stmt"/>
      <line num="66" count="90" type="stmt"/>
      <line num="70" count="33" type="stmt"/>
      <line num="71" count="33" type="stmt"/>
      <line num="72" count="33" type="stmt"/>
    </file>
    <file name="Heap.ts" path="/home/sanchezcarlosjr/Workspace/maze-graph-theory/src/lib/domain/data_structures/Heap.ts">
      <metrics statements="9" coveredstatements="9" conditionals="7" coveredconditionals="5" methods="5" coveredmethods="5"/>
      <line num="1" count="1" type="stmt"/>
      <line num="2" count="45" type="stmt"/>
      <line num="4" count="135" type="cond" truecount="5" falsecount="1"/>
      <line num="13" count="1" type="stmt"/>
      <line num="14" count="102" type="stmt"/>
      <line num="17" count="1" type="stmt"/>
      <line num="18" count="50" type="stmt"/>
      <line num="21" count="1" type="stmt"/>
      <line num="22" count="8" type="cond" truecount="0" falsecount="1"/>
    </file>
    <file name="PriorityQueue.ts" path="/home/sanchezcarlosjr/Workspace/maze-graph-theory/src/lib/domain/data_structures/PriorityQueue.ts">
      <metrics statements="28" coveredstatements="23" conditionals="5" coveredconditionals="2" methods="10" coveredmethods="8"/>
      <line num="1" count="1" type="stmt"/>
      <line num="3" count="1" type="stmt"/>
      <line num="4" count="24" type="cond" truecount="1" falsecount="0"/>
      <line num="5" count="24" type="stmt"/>
      <line num="9" count="6" type="stmt"/>
      <line num="13" count="127" type="cond" truecount="0" falsecount="1"/>
      <line num="14" count="0" type="stmt"/>
      <line num="16" count="127" type="stmt"/>
      <line num="20" count="33" type="stmt"/>
      <line num="24" count="1" type="stmt"/>
      <line num="25" count="3" type="stmt"/>
      <line num="27" count="3" type="cond" truecount="1" falsecount="0"/>
      <line num="30" count="0" type="stmt"/>
      <line num="34" count="0" type="stmt"/>
      <line num="38" count="21" type="cond" truecount="0" falsecount="1"/>
      <line num="39" count="0" type="stmt"/>
      <line num="41" count="21" type="stmt"/>
      <line num="42" count="21" type="stmt"/>
      <line num="43" count="21" type="stmt"/>
      <line num="47" count="15" type="stmt"/>
      <line num="48" count="15" type="stmt"/>
      <line num="49" count="15" type="stmt"/>
      <line num="53" count="3" type="cond" truecount="0" falsecount="1"/>
      <line num="54" count="0" type="stmt"/>
      <line num="56" count="3" type="stmt"/>
      <line num="57" count="3" type="stmt"/>
      <line num="58" count="3" type="stmt"/>
      <line num="59" count="3" type="stmt"/>
    </file>
  </project>
</coverage>
