<?xml version="1.0" encoding="UTF-8"?>
<coverage generated="1654816437355" clover="3.2.0">
  <project timestamp="1654816437355" name="All files">
    <metrics statements="129" coveredstatements="112" conditionals="27" coveredconditionals="21" methods="57" coveredmethods="49" elements="213" coveredelements="182" complexity="0" loc="129" ncloc="129" packages="1" files="6" classes="6"/>
    <file name="BinaryHeap.ts" path="/home/sanchezcarlosjr/Workspace/maze-graph-theory/src/lib/domain/data_structures/BinaryHeap.ts">
      <metrics statements="31" coveredstatements="29" conditionals="7" coveredconditionals="7" methods="12" coveredmethods="10"/>
      <line num="1" count="1" type="stmt"/>
      <line num="2" count="1" type="stmt"/>
      <line num="4" count="1" type="stmt"/>
      <line num="5" count="12" type="cond" truecount="2" falsecount="0"/>
      <line num="6" count="12" type="stmt"/>
      <line num="10" count="0" type="stmt"/>
      <line num="14" count="0" type="stmt"/>
      <line num="18" count="61" type="stmt"/>
      <line num="22" count="15" type="stmt"/>
      <line num="23" count="15" type="stmt"/>
      <line num="24" count="15" type="stmt"/>
      <line num="25" count="15" type="stmt"/>
      <line num="29" count="33" type="stmt"/>
      <line num="30" count="33" type="stmt"/>
      <line num="34" count="39" type="cond" truecount="2" falsecount="0"/>
      <line num="35" count="37" type="stmt"/>
      <line num="36" count="37" type="stmt"/>
      <line num="38" count="39" type="stmt"/>
      <line num="42" count="7" type="stmt"/>
      <line num="43" count="7" type="cond" truecount="1" falsecount="0"/>
      <line num="44" count="5" type="stmt"/>
      <line num="46" count="2" type="stmt"/>
      <line num="47" count="2" type="stmt"/>
      <line num="52" count="1" type="stmt"/>
      <line num="53" count="6" type="stmt"/>
      <line num="58" count="11" type="stmt"/>
      <line num="63" count="25" type="cond" truecount="2" falsecount="0"/>
      <line num="64" count="26" type="stmt"/>
      <line num="65" count="26" type="stmt"/>
      <line num="67" count="25" type="stmt"/>
      <line num="71" count="51" type="stmt"/>
    </file>
    <file name="BinaryTree.ts" path="/home/sanchezcarlosjr/Workspace/maze-graph-theory/src/lib/domain/data_structures/BinaryTree.ts">
      <metrics statements="27" coveredstatements="22" conditionals="7" coveredconditionals="6" methods="16" coveredmethods="14"/>
      <line num="1" count="1" type="stmt"/>
      <line num="2" count="13" type="cond" truecount="1" falsecount="0"/>
      <line num="6" count="144" type="stmt"/>
      <line num="10" count="0" type="stmt"/>
      <line num="15" count="189" type="cond" truecount="1" falsecount="0"/>
      <line num="18" count="127" type="stmt"/>
      <line num="23" count="267" type="cond" truecount="2" falsecount="0"/>
      <line num="27" count="7" type="stmt"/>
      <line num="28" count="7" type="stmt"/>
      <line num="29" count="7" type="stmt"/>
      <line num="33" count="11" type="cond" truecount="0" falsecount="1"/>
      <line num="34" count="0" type="stmt"/>
      <line num="36" count="11" type="stmt"/>
      <line num="38" count="114" type="cond" truecount="2" falsecount="0"/>
      <line num="44" count="78" type="stmt"/>
      <line num="45" count="78" type="stmt"/>
      <line num="46" count="78" type="stmt"/>
      <line num="50" count="0" type="stmt"/>
      <line num="51" count="0" type="stmt"/>
      <line num="52" count="0" type="stmt"/>
      <line num="56" count="15" type="stmt"/>
      <line num="60" count="135" type="stmt"/>
      <line num="64" count="102" type="stmt"/>
      <line num="68" count="102" type="stmt"/>
      <line num="72" count="33" type="stmt"/>
      <line num="73" count="33" type="stmt"/>
      <line num="74" count="33" type="stmt"/>
    </file>
    <file name="Heap.ts" path="/home/sanchezcarlosjr/Workspace/maze-graph-theory/src/lib/domain/data_structures/Heap.ts">
      <metrics statements="9" coveredstatements="9" conditionals="7" coveredconditionals="5" methods="5" coveredmethods="5"/>
      <line num="1" count="1" type="stmt"/>
      <line num="2" count="51" type="stmt"/>
      <line num="4" count="153" type="cond" truecount="5" falsecount="1"/>
      <line num="13" count="1" type="stmt"/>
      <line num="14" count="115" type="stmt"/>
      <line num="17" count="1" type="stmt"/>
      <line num="18" count="60" type="stmt"/>
      <line num="21" count="1" type="stmt"/>
      <line num="22" count="12" type="cond" truecount="0" falsecount="1"/>
    </file>
    <file name="PriorityQueue.ts" path="/home/sanchezcarlosjr/Workspace/maze-graph-theory/src/lib/domain/data_structures/PriorityQueue.ts">
      <metrics statements="28" coveredstatements="23" conditionals="5" coveredconditionals="2" methods="10" coveredmethods="8"/>
      <line num="1" count="1" type="stmt"/>
      <line num="3" count="1" type="stmt"/>
      <line num="4" count="24" type="cond" truecount="1" falsecount="0"/>
      <line num="5" count="24" type="stmt"/>
      <line num="9" count="6" type="stmt"/>
      <line num="13" count="127" type="cond" truecount="0" falsecount="1"/>
      <line num="14" count="0" type="stmt"/>
      <line num="16" count="127" type="stmt"/>
      <line num="20" count="33" type="stmt"/>
      <line num="24" count="1" type="stmt"/>
      <line num="25" count="3" type="stmt"/>
      <line num="27" count="3" type="cond" truecount="1" falsecount="0"/>
      <line num="30" count="0" type="stmt"/>
      <line num="34" count="0" type="stmt"/>
      <line num="38" count="21" type="cond" truecount="0" falsecount="1"/>
      <line num="39" count="0" type="stmt"/>
      <line num="41" count="21" type="stmt"/>
      <line num="42" count="21" type="stmt"/>
      <line num="43" count="21" type="stmt"/>
      <line num="47" count="15" type="stmt"/>
      <line num="48" count="15" type="stmt"/>
      <line num="49" count="15" type="stmt"/>
      <line num="53" count="3" type="cond" truecount="0" falsecount="1"/>
      <line num="54" count="0" type="stmt"/>
      <line num="56" count="3" type="stmt"/>
      <line num="57" count="3" type="stmt"/>
      <line num="58" count="3" type="stmt"/>
      <line num="59" count="3" type="stmt"/>
    </file>
    <file name="Queue.ts" path="/home/sanchezcarlosjr/Workspace/maze-graph-theory/src/lib/domain/data_structures/Queue.ts">
      <metrics statements="19" coveredstatements="19" conditionals="1" coveredconditionals="1" methods="10" coveredmethods="10"/>
      <line num="2" count="1" type="stmt"/>
      <line num="3" count="3" type="stmt"/>
      <line num="4" count="3" type="stmt"/>
      <line num="5" count="3" type="stmt"/>
      <line num="7" count="4" type="stmt"/>
      <line num="10" count="12" type="stmt"/>
      <line num="11" count="12" type="stmt"/>
      <line num="14" count="11" type="stmt"/>
      <line num="15" count="11" type="stmt"/>
      <line num="16" count="11" type="stmt"/>
      <line num="17" count="11" type="stmt"/>
      <line num="20" count="11" type="stmt"/>
      <line num="23" count="8" type="stmt"/>
      <line num="26" count="8" type="stmt"/>
      <line num="29" count="1" type="stmt"/>
      <line num="32" count="2" type="stmt"/>
      <line num="34" count="8" type="cond" truecount="1" falsecount="0"/>
      <line num="35" count="2" type="stmt"/>
      <line num="40" count="6" type="stmt"/>
    </file>
    <file name="RandomBetweenNumbers.ts" path="/home/sanchezcarlosjr/Workspace/maze-graph-theory/src/lib/domain/data_structures/RandomBetweenNumbers.ts">
      <metrics statements="15" coveredstatements="10" conditionals="0" coveredconditionals="0" methods="4" coveredmethods="2"/>
      <line num="1" count="1" type="stmt"/>
      <line num="2" count="2" type="stmt"/>
      <line num="5" count="1" type="stmt"/>
      <line num="6" count="0" type="stmt"/>
      <line num="7" count="0" type="stmt"/>
      <line num="10" count="1" type="stmt"/>
      <line num="11" count="1" type="stmt"/>
      <line num="12" count="1" type="stmt"/>
      <line num="13" count="2" type="stmt"/>
      <line num="14" count="2" type="stmt"/>
      <line num="16" count="1" type="stmt"/>
      <line num="19" count="1" type="stmt"/>
      <line num="20" count="0" type="stmt"/>
      <line num="21" count="0" type="stmt"/>
      <line num="22" count="0" type="stmt"/>
    </file>
  </project>
</coverage>
