{"/home/sanchezcarlosjr/Workspace/maze-graph-theory/src/lib/domain/data_structures/BinaryHeap.ts": {"path":"/home/sanchezcarlosjr/Workspace/maze-graph-theory/src/lib/domain/data_structures/BinaryHeap.ts","statementMap":{"0":{"start":{"line":1,"column":0},"end":{"line":1,"column":67}},"1":{"start":{"line":2,"column":0},"end":{"line":2,"column":40}},"2":{"start":{"line":6,"column":8},"end":{"line":6,"column":26}},"3":{"start":{"line":5,"column":60},"end":{"line":5,"column":73}},"4":{"start":{"line":10,"column":8},"end":{"line":10,"column":31}},"5":{"start":{"line":14,"column":8},"end":{"line":14,"column":36}},"6":{"start":{"line":18,"column":8},"end":{"line":18,"column":38}},"7":{"start":{"line":22,"column":8},"end":{"line":22,"column":60}},"8":{"start":{"line":23,"column":21},"end":{"line":23,"column":49}},"9":{"start":{"line":24,"column":8},"end":{"line":24,"column":25}},"10":{"start":{"line":25,"column":8},"end":{"line":25,"column":20}},"11":{"start":{"line":29,"column":8},"end":{"line":29,"column":40}},"12":{"start":{"line":30,"column":8},"end":{"line":30,"column":35}},"13":{"start":{"line":34,"column":8},"end":{"line":37,"column":null}},"14":{"start":{"line":35,"column":12},"end":{"line":35,"column":69}},"15":{"start":{"line":36,"column":12},"end":{"line":36,"column":48}},"16":{"start":{"line":38,"column":8},"end":{"line":38,"column":20}},"17":{"start":{"line":42,"column":30},"end":{"line":42,"column":61}},"18":{"start":{"line":43,"column":8},"end":{"line":45,"column":null}},"19":{"start":{"line":44,"column":12},"end":{"line":44,"column":36}},"20":{"start":{"line":46,"column":8},"end":{"line":46,"column":27}},"21":{"start":{"line":47,"column":8},"end":{"line":47,"column":29}},"22":{"start":{"line":52,"column":8},"end":{"line":54,"column":null}},"23":{"start":{"line":52,"column":21},"end":{"line":52,"column":46}},"24":{"start":{"line":53,"column":12},"end":{"line":53,"column":29}},"25":{"start":{"line":58,"column":8},"end":{"line":58,"column":45}},"26":{"start":{"line":63,"column":8},"end":{"line":66,"column":null}},"27":{"start":{"line":64,"column":12},"end":{"line":64,"column":50}},"28":{"start":{"line":65,"column":12},"end":{"line":65,"column":29}},"29":{"start":{"line":67,"column":8},"end":{"line":67,"column":20}},"30":{"start":{"line":71,"column":8},"end":{"line":77,"column":11}},"31":{"start":{"line":4,"column":0},"end":{"line":4,"column":13}}},"fnMap":{"0":{"name":"(anonymous_0)","decl":{"start":{"line":5,"column":4},"end":{"line":5,"column":16}},"loc":{"start":{"line":5,"column":94},"end":{"line":7,"column":5}}},"1":{"name":"(anonymous_1)","decl":{"start":{"line":9,"column":4},"end":{"line":9,"column":8}},"loc":{"start":{"line":9,"column":15},"end":{"line":11,"column":5}}},"2":{"name":"(anonymous_2)","decl":{"start":{"line":13,"column":4},"end":{"line":13,"column":8}},"loc":{"start":{"line":13,"column":12},"end":{"line":15,"column":5}}},"3":{"name":"(anonymous_3)","decl":{"start":{"line":17,"column":4},"end":{"line":17,"column":8}},"loc":{"start":{"line":17,"column":12},"end":{"line":19,"column":5}}},"4":{"name":"(anonymous_4)","decl":{"start":{"line":21,"column":4},"end":{"line":21,"column":15}},"loc":{"start":{"line":21,"column":15},"end":{"line":26,"column":5}}},"5":{"name":"(anonymous_5)","decl":{"start":{"line":28,"column":4},"end":{"line":28,"column":10}},"loc":{"start":{"line":28,"column":21},"end":{"line":31,"column":5}}},"6":{"name":"(anonymous_6)","decl":{"start":{"line":33,"column":4},"end":{"line":33,"column":10}},"loc":{"start":{"line":33,"column":23},"end":{"line":39,"column":5}}},"7":{"name":"(anonymous_7)","decl":{"start":{"line":41,"column":4},"end":{"line":41,"column":7}},"loc":{"start":{"line":41,"column":29},"end":{"line":48,"column":5}}},"8":{"name":"(anonymous_8)","decl":{"start":{"line":51,"column":4},"end":{"line":51,"column":11}},"loc":{"start":{"line":51,"column":11},"end":{"line":55,"column":5}}},"9":{"name":"(anonymous_9)","decl":{"start":{"line":57,"column":4},"end":{"line":57,"column":10}},"loc":{"start":{"line":57,"column":21},"end":{"line":59,"column":5}}},"10":{"name":"(anonymous_10)","decl":{"start":{"line":61,"column":4},"end":{"line":61,"column":12}},"loc":{"start":{"line":61,"column":25},"end":{"line":68,"column":5}}},"11":{"name":"(anonymous_11)","decl":{"start":{"line":70,"column":14},"end":{"line":70,"column":41}},"loc":{"start":{"line":70,"column":54},"end":{"line":78,"column":5}}}},"branchMap":{"0":{"loc":{"start":{"line":5,"column":16},"end":{"line":5,"column":48}},"type":"default-arg","locations":[{"start":{"line":5,"column":41},"end":{"line":5,"column":48}}]},"1":{"loc":{"start":{"line":5,"column":60},"end":{"line":5,"column":94}},"type":"default-arg","locations":[{"start":{"line":5,"column":73},"end":{"line":5,"column":94}}]},"2":{"loc":{"start":{"line":34,"column":15},"end":{"line":34,"column":117}},"type":"binary-expr","locations":[{"start":{"line":34,"column":15},"end":{"line":34,"column":23}},{"start":{"line":34,"column":27},"end":{"line":34,"column":117}}]},"3":{"loc":{"start":{"line":43,"column":8},"end":{"line":45,"column":null}},"type":"if","locations":[{"start":{"line":43,"column":8},"end":{"line":45,"column":null}}]},"4":{"loc":{"start":{"line":63,"column":15},"end":{"line":63,"column":101}},"type":"binary-expr","locations":[{"start":{"line":63,"column":15},"end":{"line":63,"column":76}},{"start":{"line":63,"column":80},"end":{"line":63,"column":101}}]}},"s":{"0":1,"1":1,"2":12,"3":12,"4":0,"5":0,"6":61,"7":15,"8":15,"9":15,"10":15,"11":33,"12":33,"13":39,"14":37,"15":37,"16":39,"17":7,"18":7,"19":5,"20":2,"21":2,"22":1,"23":1,"24":6,"25":11,"26":25,"27":26,"28":26,"29":25,"30":51,"31":1},"f":{"0":12,"1":0,"2":0,"3":61,"4":15,"5":33,"6":39,"7":7,"8":1,"9":11,"10":25,"11":51},"b":{"0":[3],"1":[4],"2":[76,57],"3":[5],"4":[51,26]}}
,"/home/sanchezcarlosjr/Workspace/maze-graph-theory/src/lib/domain/data_structures/BinaryTree.ts": {"path":"/home/sanchezcarlosjr/Workspace/maze-graph-theory/src/lib/domain/data_structures/BinaryTree.ts","statementMap":{"0":{"start":{"line":2,"column":24},"end":{"line":2,"column":36}},"1":{"start":{"line":6,"column":8},"end":{"line":6,"column":32}},"2":{"start":{"line":10,"column":8},"end":{"line":10,"column":28}},"3":{"start":{"line":15,"column":8},"end":{"line":19,"column":null}},"4":{"start":{"line":18,"column":12},"end":{"line":18,"column":37}},"5":{"start":{"line":23,"column":8},"end":{"line":23,"column":40}},"6":{"start":{"line":27,"column":30},"end":{"line":27,"column":46}},"7":{"start":{"line":28,"column":8},"end":{"line":28,"column":33}},"8":{"start":{"line":29,"column":8},"end":{"line":29,"column":29}},"9":{"start":{"line":33,"column":8},"end":{"line":35,"column":null}},"10":{"start":{"line":34,"column":12},"end":{"line":34,"column":25}},"11":{"start":{"line":36,"column":8},"end":{"line":40,"column":10}},"12":{"start":{"line":38,"column":16},"end":{"line":38,"column":72}},"13":{"start":{"line":44,"column":8},"end":{"line":44,"column":68}},"14":{"start":{"line":45,"column":8},"end":{"line":45,"column":48}},"15":{"start":{"line":46,"column":8},"end":{"line":46,"column":48}},"16":{"start":{"line":50,"column":21},"end":{"line":50,"column":33}},"17":{"start":{"line":51,"column":8},"end":{"line":51,"column":26}},"18":{"start":{"line":52,"column":8},"end":{"line":52,"column":20}},"19":{"start":{"line":56,"column":8},"end":{"line":56,"column":31}},"20":{"start":{"line":60,"column":8},"end":{"line":60,"column":36}},"21":{"start":{"line":64,"column":8},"end":{"line":64,"column":29}},"22":{"start":{"line":68,"column":8},"end":{"line":68,"column":29}},"23":{"start":{"line":72,"column":8},"end":{"line":75,"column":11}},"24":{"start":{"line":73,"column":12},"end":{"line":73,"column":36}},"25":{"start":{"line":74,"column":12},"end":{"line":74,"column":80}},"26":{"start":{"line":1,"column":0},"end":{"line":1,"column":13}}},"fnMap":{"0":{"name":"(anonymous_0)","decl":{"start":{"line":2,"column":4},"end":{"line":2,"column":24}},"loc":{"start":{"line":2,"column":38},"end":{"line":3,"column":5}}},"1":{"name":"(anonymous_1)","decl":{"start":{"line":5,"column":4},"end":{"line":5,"column":8}},"loc":{"start":{"line":5,"column":14},"end":{"line":7,"column":5}}},"2":{"name":"(anonymous_2)","decl":{"start":{"line":9,"column":4},"end":{"line":9,"column":8}},"loc":{"start":{"line":9,"column":12},"end":{"line":11,"column":5}}},"3":{"name":"(anonymous_3)","decl":{"start":{"line":13,"column":12},"end":{"line":13,"column":18}},"loc":{"start":{"line":13,"column":58},"end":{"line":20,"column":5}}},"4":{"name":"(anonymous_4)","decl":{"start":{"line":22,"column":4},"end":{"line":22,"column":7}},"loc":{"start":{"line":22,"column":21},"end":{"line":24,"column":5}}},"5":{"name":"(anonymous_5)","decl":{"start":{"line":26,"column":4},"end":{"line":26,"column":7}},"loc":{"start":{"line":26,"column":31},"end":{"line":30,"column":5}}},"6":{"name":"(anonymous_6)","decl":{"start":{"line":32,"column":4},"end":{"line":32,"column":10}},"loc":{"start":{"line":32,"column":21},"end":{"line":41,"column":5}}},"7":{"name":"(anonymous_7)","decl":{"start":{"line":37,"column":12},"end":{"line":37,"column":13}},"loc":{"start":{"line":38,"column":16},"end":{"line":38,"column":72}}},"8":{"name":"(anonymous_8)","decl":{"start":{"line":43,"column":4},"end":{"line":43,"column":8}},"loc":{"start":{"line":43,"column":29},"end":{"line":47,"column":5}}},"9":{"name":"(anonymous_9)","decl":{"start":{"line":49,"column":4},"end":{"line":49,"column":14}},"loc":{"start":{"line":49,"column":14},"end":{"line":53,"column":5}}},"10":{"name":"(anonymous_10)","decl":{"start":{"line":55,"column":4},"end":{"line":55,"column":14}},"loc":{"start":{"line":55,"column":14},"end":{"line":57,"column":5}}},"11":{"name":"(anonymous_11)","decl":{"start":{"line":59,"column":4},"end":{"line":59,"column":10}},"loc":{"start":{"line":59,"column":24},"end":{"line":61,"column":5}}},"12":{"name":"(anonymous_12)","decl":{"start":{"line":63,"column":4},"end":{"line":63,"column":16}},"loc":{"start":{"line":63,"column":30},"end":{"line":65,"column":5}}},"13":{"name":"(anonymous_13)","decl":{"start":{"line":67,"column":4},"end":{"line":67,"column":17}},"loc":{"start":{"line":67,"column":31},"end":{"line":69,"column":5}}},"14":{"name":"(anonymous_14)","decl":{"start":{"line":71,"column":4},"end":{"line":71,"column":10}},"loc":{"start":{"line":71,"column":27},"end":{"line":76,"column":5}}},"15":{"name":"(anonymous_15)","decl":{"start":{"line":72,"column":25},"end":{"line":72,"column":26}},"loc":{"start":{"line":72,"column":37},"end":{"line":75,"column":9}}}},"branchMap":{"0":{"loc":{"start":{"line":2,"column":24},"end":{"line":2,"column":38}},"type":"default-arg","locations":[{"start":{"line":2,"column":36},"end":{"line":2,"column":38}}]},"1":{"loc":{"start":{"line":15,"column":8},"end":{"line":19,"column":null}},"type":"if","locations":[{"start":{"line":15,"column":8},"end":{"line":19,"column":null}}]},"2":{"loc":{"start":{"line":23,"column":15},"end":{"line":23,"column":39}},"type":"binary-expr","locations":[{"start":{"line":23,"column":15},"end":{"line":23,"column":31}},{"start":{"line":23,"column":35},"end":{"line":23,"column":39}}]},"3":{"loc":{"start":{"line":33,"column":8},"end":{"line":35,"column":null}},"type":"if","locations":[{"start":{"line":33,"column":8},"end":{"line":35,"column":null}}]},"4":{"loc":{"start":{"line":38,"column":16},"end":{"line":38,"column":72}},"type":"binary-expr","locations":[{"start":{"line":38,"column":16},"end":{"line":38,"column":39}},{"start":{"line":38,"column":43},"end":{"line":38,"column":72}}]}},"s":{"0":13,"1":144,"2":0,"3":189,"4":127,"5":267,"6":7,"7":7,"8":7,"9":11,"10":0,"11":11,"12":114,"13":78,"14":78,"15":78,"16":0,"17":0,"18":0,"19":15,"20":135,"21":102,"22":102,"23":33,"24":33,"25":33,"26":1},"f":{"0":13,"1":144,"2":0,"3":189,"4":267,"5":7,"6":11,"7":114,"8":78,"9":0,"10":15,"11":135,"12":102,"13":102,"14":33,"15":33},"b":{"0":[4],"1":[127],"2":[267,42],"3":[0],"4":[114,114]}}
,"/home/sanchezcarlosjr/Workspace/maze-graph-theory/src/lib/domain/data_structures/Heap.ts": {"path":"/home/sanchezcarlosjr/Workspace/maze-graph-theory/src/lib/domain/data_structures/Heap.ts","statementMap":{"0":{"start":{"line":2,"column":1},"end":{"line":7,"column":9}},"1":{"start":{"line":4,"column":25},"end":{"line":4,"column":87}},"2":{"start":{"line":1,"column":0},"end":{"line":1,"column":16}},"3":{"start":{"line":14,"column":1},"end":{"line":14,"column":14}},"4":{"start":{"line":13,"column":0},"end":{"line":13,"column":16}},"5":{"start":{"line":18,"column":1},"end":{"line":18,"column":14}},"6":{"start":{"line":17,"column":0},"end":{"line":17,"column":16}},"7":{"start":{"line":22,"column":33},"end":{"line":22,"column":55}},"8":{"start":{"line":21,"column":0},"end":{"line":21,"column":22}}},"fnMap":{"0":{"name":"searchIndex","decl":{"start":{"line":1,"column":16},"end":{"line":1,"column":27}},"loc":{"start":{"line":1,"column":95},"end":{"line":8,"column":1}}},"1":{"name":"(anonymous_1)","decl":{"start":{"line":4,"column":3},"end":{"line":4,"column":4}},"loc":{"start":{"line":4,"column":25},"end":{"line":4,"column":87}}},"2":{"name":"minHeap","decl":{"start":{"line":13,"column":16},"end":{"line":13,"column":23}},"loc":{"start":{"line":13,"column":44},"end":{"line":15,"column":1}}},"3":{"name":"maxHeap","decl":{"start":{"line":17,"column":16},"end":{"line":17,"column":23}},"loc":{"start":{"line":17,"column":44},"end":{"line":19,"column":1}}},"4":{"name":"(anonymous_4)","decl":{"start":{"line":22,"column":1},"end":{"line":22,"column":33}},"loc":{"start":{"line":22,"column":62},"end":{"line":22,"column":66}}}},"branchMap":{"0":{"loc":{"start":{"line":4,"column":25},"end":{"line":4,"column":87}},"type":"cond-expr","locations":[{"start":{"line":4,"column":79},"end":{"line":4,"column":80}},{"start":{"line":4,"column":83},"end":{"line":4,"column":87}}]},"1":{"loc":{"start":{"line":4,"column":25},"end":{"line":4,"column":76}},"type":"binary-expr","locations":[{"start":{"line":4,"column":25},"end":{"line":4,"column":40}},{"start":{"line":4,"column":44},"end":{"line":4,"column":76}}]},"2":{"loc":{"start":{"line":4,"column":55},"end":{"line":4,"column":75}},"type":"binary-expr","locations":[{"start":{"line":4,"column":55},"end":{"line":4,"column":70}},{"start":{"line":4,"column":74},"end":{"line":4,"column":75}}]},"3":{"loc":{"start":{"line":22,"column":33},"end":{"line":22,"column":62}},"type":"default-arg","locations":[{"start":{"line":22,"column":55},"end":{"line":22,"column":62}}]}},"s":{"0":51,"1":153,"2":1,"3":115,"4":1,"5":60,"6":1,"7":12,"8":1},"f":{"0":51,"1":153,"2":115,"3":60,"4":12},"b":{"0":[31,122],"1":[153,111],"2":[111,0],"3":[0]}}
,"/home/sanchezcarlosjr/Workspace/maze-graph-theory/src/lib/domain/data_structures/PriorityQueue.ts": {"path":"/home/sanchezcarlosjr/Workspace/maze-graph-theory/src/lib/domain/data_structures/PriorityQueue.ts","statementMap":{"0":{"start":{"line":1,"column":0},"end":{"line":1,"column":42}},"1":{"start":{"line":5,"column":2},"end":{"line":5,"column":15}},"2":{"start":{"line":4,"column":21},"end":{"line":4,"column":33}},"3":{"start":{"line":4,"column":58},"end":{"line":4,"column":78}},"4":{"start":{"line":9,"column":2},"end":{"line":9,"column":24}},"5":{"start":{"line":13,"column":2},"end":{"line":15,"column":null}},"6":{"start":{"line":14,"column":3},"end":{"line":14,"column":10}},"7":{"start":{"line":16,"column":2},"end":{"line":16,"column":25}},"8":{"start":{"line":20,"column":2},"end":{"line":20,"column":19}},"9":{"start":{"line":3,"column":0},"end":{"line":3,"column":13}},"10":{"start":{"line":25,"column":17},"end":{"line":25,"column":40}},"11":{"start":{"line":27,"column":21},"end":{"line":27,"column":28}},"12":{"start":{"line":30,"column":2},"end":{"line":30,"column":28}},"13":{"start":{"line":34,"column":2},"end":{"line":34,"column":27}},"14":{"start":{"line":38,"column":2},"end":{"line":40,"column":null}},"15":{"start":{"line":39,"column":3},"end":{"line":39,"column":10}},"16":{"start":{"line":41,"column":15},"end":{"line":41,"column":35}},"17":{"start":{"line":42,"column":2},"end":{"line":42,"column":25}},"18":{"start":{"line":43,"column":2},"end":{"line":43,"column":28}},"19":{"start":{"line":47,"column":15},"end":{"line":47,"column":38}},"20":{"start":{"line":48,"column":2},"end":{"line":48,"column":31}},"21":{"start":{"line":49,"column":2},"end":{"line":49,"column":19}},"22":{"start":{"line":53,"column":2},"end":{"line":55,"column":null}},"23":{"start":{"line":54,"column":3},"end":{"line":54,"column":10}},"24":{"start":{"line":56,"column":13},"end":{"line":56,"column":40}},"25":{"start":{"line":57,"column":2},"end":{"line":57,"column":50}},"26":{"start":{"line":58,"column":2},"end":{"line":58,"column":28}},"27":{"start":{"line":59,"column":2},"end":{"line":59,"column":37}},"28":{"start":{"line":24,"column":0},"end":{"line":24,"column":13}}},"fnMap":{"0":{"name":"(anonymous_0)","decl":{"start":{"line":4,"column":1},"end":{"line":4,"column":21}},"loc":{"start":{"line":4,"column":79},"end":{"line":6,"column":2}}},"1":{"name":"(anonymous_1)","decl":{"start":{"line":8,"column":1},"end":{"line":8,"column":5}},"loc":{"start":{"line":8,"column":13},"end":{"line":10,"column":2}}},"2":{"name":"(anonymous_2)","decl":{"start":{"line":12,"column":1},"end":{"line":12,"column":5}},"loc":{"start":{"line":12,"column":27},"end":{"line":17,"column":2}}},"3":{"name":"(anonymous_3)","decl":{"start":{"line":19,"column":1},"end":{"line":19,"column":5}},"loc":{"start":{"line":19,"column":8},"end":{"line":21,"column":2}}},"4":{"name":"(anonymous_4)","decl":{"start":{"line":27,"column":1},"end":{"line":27,"column":21}},"loc":{"start":{"line":27,"column":49},"end":{"line":27,"column":53}}},"5":{"name":"(anonymous_5)","decl":{"start":{"line":29,"column":1},"end":{"line":29,"column":5}},"loc":{"start":{"line":29,"column":9},"end":{"line":31,"column":2}}},"6":{"name":"(anonymous_6)","decl":{"start":{"line":33,"column":1},"end":{"line":33,"column":5}},"loc":{"start":{"line":33,"column":12},"end":{"line":35,"column":2}}},"7":{"name":"(anonymous_7)","decl":{"start":{"line":37,"column":1},"end":{"line":37,"column":7}},"loc":{"start":{"line":37,"column":34},"end":{"line":44,"column":2}}},"8":{"name":"(anonymous_8)","decl":{"start":{"line":46,"column":1},"end":{"line":46,"column":12}},"loc":{"start":{"line":46,"column":12},"end":{"line":50,"column":2}}},"9":{"name":"(anonymous_9)","decl":{"start":{"line":52,"column":1},"end":{"line":52,"column":8}},"loc":{"start":{"line":52,"column":35},"end":{"line":60,"column":2}}}},"branchMap":{"0":{"loc":{"start":{"line":4,"column":58},"end":{"line":4,"column":79}},"type":"default-arg","locations":[{"start":{"line":4,"column":78},"end":{"line":4,"column":79}}]},"1":{"loc":{"start":{"line":13,"column":2},"end":{"line":15,"column":null}},"type":"if","locations":[{"start":{"line":13,"column":2},"end":{"line":15,"column":null}}]},"2":{"loc":{"start":{"line":27,"column":21},"end":{"line":27,"column":49}},"type":"default-arg","locations":[{"start":{"line":27,"column":28},"end":{"line":27,"column":49}}]},"3":{"loc":{"start":{"line":38,"column":2},"end":{"line":40,"column":null}},"type":"if","locations":[{"start":{"line":38,"column":2},"end":{"line":40,"column":null}}]},"4":{"loc":{"start":{"line":53,"column":2},"end":{"line":55,"column":null}},"type":"if","locations":[{"start":{"line":53,"column":2},"end":{"line":55,"column":null}}]}},"s":{"0":1,"1":24,"2":24,"3":24,"4":6,"5":127,"6":0,"7":127,"8":33,"9":1,"10":3,"11":3,"12":0,"13":0,"14":21,"15":0,"16":21,"17":21,"18":21,"19":15,"20":15,"21":15,"22":3,"23":0,"24":3,"25":3,"26":3,"27":3,"28":1},"f":{"0":24,"1":6,"2":127,"3":33,"4":3,"5":0,"6":0,"7":21,"8":15,"9":3},"b":{"0":[21],"1":[0],"2":[3],"3":[0],"4":[0]}}
,"/home/sanchezcarlosjr/Workspace/maze-graph-theory/src/lib/domain/data_structures/Queue.ts": {"path":"/home/sanchezcarlosjr/Workspace/maze-graph-theory/src/lib/domain/data_structures/Queue.ts","statementMap":{"0":{"start":{"line":3,"column":36},"end":{"line":3,"column":56}},"1":{"start":{"line":4,"column":32},"end":{"line":4,"column":33}},"2":{"start":{"line":5,"column":32},"end":{"line":5,"column":33}},"3":{"start":{"line":7,"column":8},"end":{"line":7,"column":52}},"4":{"start":{"line":7,"column":32},"end":{"line":7,"column":50}},"5":{"start":{"line":10,"column":8},"end":{"line":10,"column":45}},"6":{"start":{"line":11,"column":8},"end":{"line":11,"column":25}},"7":{"start":{"line":14,"column":21},"end":{"line":14,"column":30}},"8":{"start":{"line":15,"column":8},"end":{"line":15,"column":42}},"9":{"start":{"line":16,"column":8},"end":{"line":16,"column":25}},"10":{"start":{"line":17,"column":8},"end":{"line":17,"column":20}},"11":{"start":{"line":20,"column":8},"end":{"line":20,"column":46}},"12":{"start":{"line":23,"column":8},"end":{"line":23,"column":47}},"13":{"start":{"line":26,"column":8},"end":{"line":26,"column":33}},"14":{"start":{"line":29,"column":8},"end":{"line":29,"column":47}},"15":{"start":{"line":32,"column":8},"end":{"line":45,"column":10}},"16":{"start":{"line":34,"column":16},"end":{"line":39,"column":null}},"17":{"start":{"line":35,"column":20},"end":{"line":38,"column":null}},"18":{"start":{"line":40,"column":16},"end":{"line":43,"column":null}},"19":{"start":{"line":2,"column":0},"end":{"line":2,"column":13}}},"fnMap":{"0":{"name":"(anonymous_0)","decl":{"start":{"line":6,"column":4},"end":{"line":6,"column":16}},"loc":{"start":{"line":6,"column":29},"end":{"line":8,"column":5}}},"1":{"name":"(anonymous_1)","decl":{"start":{"line":7,"column":22},"end":{"line":7,"column":23}},"loc":{"start":{"line":7,"column":32},"end":{"line":7,"column":50}}},"2":{"name":"(anonymous_2)","decl":{"start":{"line":9,"column":4},"end":{"line":9,"column":11}},"loc":{"start":{"line":9,"column":19},"end":{"line":12,"column":5}}},"3":{"name":"(anonymous_3)","decl":{"start":{"line":13,"column":4},"end":{"line":13,"column":11}},"loc":{"start":{"line":13,"column":11},"end":{"line":18,"column":5}}},"4":{"name":"(anonymous_4)","decl":{"start":{"line":19,"column":4},"end":{"line":19,"column":8}},"loc":{"start":{"line":19,"column":12},"end":{"line":21,"column":5}}},"5":{"name":"(anonymous_5)","decl":{"start":{"line":22,"column":4},"end":{"line":22,"column":8}},"loc":{"start":{"line":22,"column":14},"end":{"line":24,"column":5}}},"6":{"name":"(anonymous_6)","decl":{"start":{"line":25,"column":4},"end":{"line":25,"column":8}},"loc":{"start":{"line":25,"column":15},"end":{"line":27,"column":5}}},"7":{"name":"(anonymous_7)","decl":{"start":{"line":28,"column":4},"end":{"line":28,"column":11}},"loc":{"start":{"line":28,"column":11},"end":{"line":30,"column":5}}},"8":{"name":"(anonymous_8)","decl":{"start":{"line":31,"column":4},"end":{"line":31,"column":5}},"loc":{"start":{"line":31,"column":21},"end":{"line":46,"column":5}}},"9":{"name":"(anonymous_9)","decl":{"start":{"line":33,"column":18},"end":{"line":33,"column":21}},"loc":{"start":{"line":33,"column":23},"end":{"line":44,"column":13}}}},"branchMap":{"0":{"loc":{"start":{"line":34,"column":16},"end":{"line":39,"column":null}},"type":"if","locations":[{"start":{"line":34,"column":16},"end":{"line":39,"column":null}}]}},"s":{"0":3,"1":3,"2":3,"3":3,"4":4,"5":12,"6":12,"7":11,"8":11,"9":11,"10":11,"11":11,"12":8,"13":8,"14":1,"15":2,"16":8,"17":2,"18":6,"19":1},"f":{"0":3,"1":4,"2":12,"3":11,"4":11,"5":8,"6":8,"7":1,"8":2,"9":8},"b":{"0":[2]}}
,"/home/sanchezcarlosjr/Workspace/maze-graph-theory/src/lib/domain/data_structures/RandomBetweenNumbers.ts": {"path":"/home/sanchezcarlosjr/Workspace/maze-graph-theory/src/lib/domain/data_structures/RandomBetweenNumbers.ts","statementMap":{"0":{"start":{"line":2,"column":1},"end":{"line":2,"column":58}},"1":{"start":{"line":1,"column":0},"end":{"line":1,"column":16}},"2":{"start":{"line":6,"column":15},"end":{"line":6,"column":56}},"3":{"start":{"line":7,"column":1},"end":{"line":7,"column":30}},"4":{"start":{"line":5,"column":0},"end":{"line":5,"column":16}},"5":{"start":{"line":11,"column":18},"end":{"line":11,"column":28}},"6":{"start":{"line":12,"column":1},"end":{"line":15,"column":null}},"7":{"start":{"line":12,"column":11},"end":{"line":12,"column":25}},"8":{"start":{"line":13,"column":16},"end":{"line":13,"column":42}},"9":{"start":{"line":14,"column":2},"end":{"line":14,"column":66}},"10":{"start":{"line":16,"column":1},"end":{"line":16,"column":26}},"11":{"start":{"line":10,"column":0},"end":{"line":10,"column":16}},"12":{"start":{"line":20,"column":15},"end":{"line":20,"column":52}},"13":{"start":{"line":21,"column":15},"end":{"line":21,"column":39}},"14":{"start":{"line":22,"column":1},"end":{"line":22,"column":23}},"15":{"start":{"line":19,"column":0},"end":{"line":19,"column":16}}},"fnMap":{"0":{"name":"randomBetweenNumbers","decl":{"start":{"line":1,"column":16},"end":{"line":1,"column":36}},"loc":{"start":{"line":1,"column":61},"end":{"line":3,"column":1}}},"1":{"name":"randomBetweenArray","decl":{"start":{"line":5,"column":16},"end":{"line":5,"column":34}},"loc":{"start":{"line":5,"column":50},"end":{"line":8,"column":1}}},"2":{"name":"randomArray","decl":{"start":{"line":10,"column":16},"end":{"line":10,"column":27}},"loc":{"start":{"line":10,"column":43},"end":{"line":17,"column":1}}},"3":{"name":"randomBetweenSet","decl":{"start":{"line":19,"column":16},"end":{"line":19,"column":32}},"loc":{"start":{"line":19,"column":46},"end":{"line":23,"column":1}}}},"branchMap":{},"s":{"0":2,"1":1,"2":0,"3":0,"4":1,"5":1,"6":1,"7":1,"8":2,"9":2,"10":1,"11":1,"12":0,"13":0,"14":0,"15":1},"f":{"0":2,"1":0,"2":1,"3":0},"b":{}}
}
