{"/home/sanchezcarlosjr/Workspace/graph-theory-on-maze/src/lib/application/algorithm.ts": {"path":"/home/sanchezcarlosjr/Workspace/graph-theory-on-maze/src/lib/application/algorithm.ts","statementMap":{"0":{"start":{"line":4,"column":21},"end":{"line":4,"column":52}},"1":{"start":{"line":6,"column":2},"end":{"line":6,"column":32}},"2":{"start":{"line":10,"column":2},"end":{"line":10,"column":35}},"3":{"start":{"line":13,"column":2},"end":{"line":16,"column":5}},"4":{"start":{"line":20,"column":2},"end":{"line":22,"column":null}},"5":{"start":{"line":21,"column":3},"end":{"line":21,"column":39}},"6":{"start":{"line":3,"column":0},"end":{"line":3,"column":13}}},"fnMap":{"0":{"name":"(anonymous_0)","decl":{"start":{"line":4,"column":1},"end":{"line":4,"column":21}},"loc":{"start":{"line":4,"column":52},"end":{"line":4,"column":56}}},"1":{"name":"(anonymous_1)","decl":{"start":{"line":5,"column":1},"end":{"line":5,"column":12}},"loc":{"start":{"line":5,"column":12},"end":{"line":7,"column":2}}},"2":{"name":"(anonymous_2)","decl":{"start":{"line":9,"column":1},"end":{"line":9,"column":15}},"loc":{"start":{"line":9,"column":15},"end":{"line":11,"column":2}}},"3":{"name":"(anonymous_3)","decl":{"start":{"line":12,"column":1},"end":{"line":12,"column":8}},"loc":{"start":{"line":12,"column":26},"end":{"line":17,"column":2}}},"4":{"name":"(anonymous_4)","decl":{"start":{"line":19,"column":1},"end":{"line":19,"column":5}},"loc":{"start":{"line":19,"column":27},"end":{"line":23,"column":2}}}},"branchMap":{"0":{"loc":{"start":{"line":20,"column":2},"end":{"line":22,"column":null}},"type":"if","locations":[{"start":{"line":20,"column":2},"end":{"line":22,"column":null}}]}},"s":{"0":1,"1":0,"2":0,"3":1,"4":0,"5":0,"6":1},"f":{"0":1,"1":0,"2":0,"3":1,"4":0},"b":{"0":[0]}}
,"/home/sanchezcarlosjr/Workspace/graph-theory-on-maze/src/lib/domain/data_structures/Graph.ts": {"path":"/home/sanchezcarlosjr/Workspace/graph-theory-on-maze/src/lib/domain/data_structures/Graph.ts","statementMap":{"0":{"start":{"line":12,"column":21},"end":{"line":12,"column":29}},"1":{"start":{"line":15,"column":2},"end":{"line":15,"column":29}},"2":{"start":{"line":19,"column":2},"end":{"line":19,"column":25}},"3":{"start":{"line":27,"column":2},"end":{"line":39,"column":null}},"4":{"start":{"line":28,"column":3},"end":{"line":38,"column":6}},"5":{"start":{"line":40,"column":2},"end":{"line":42,"column":5}},"6":{"start":{"line":50,"column":2},"end":{"line":50,"column":53}},"7":{"start":{"line":51,"column":2},"end":{"line":51,"column":53}},"8":{"start":{"line":55,"column":2},"end":{"line":57,"column":null}},"9":{"start":{"line":56,"column":3},"end":{"line":56,"column":10}},"10":{"start":{"line":58,"column":2},"end":{"line":58,"column":56}},"11":{"start":{"line":62,"column":2},"end":{"line":62,"column":29}},"12":{"start":{"line":63,"column":2},"end":{"line":65,"column":null}},"13":{"start":{"line":64,"column":3},"end":{"line":64,"column":48}},"14":{"start":{"line":66,"column":2},"end":{"line":66,"column":32}},"15":{"start":{"line":70,"column":23},"end":{"line":70,"column":25}},"16":{"start":{"line":71,"column":21},"end":{"line":71,"column":25}},"17":{"start":{"line":72,"column":2},"end":{"line":75,"column":null}},"18":{"start":{"line":73,"column":3},"end":{"line":73,"column":27}},"19":{"start":{"line":74,"column":3},"end":{"line":74,"column":67}},"20":{"start":{"line":76,"column":2},"end":{"line":76,"column":24}},"21":{"start":{"line":80,"column":2},"end":{"line":83,"column":null}},"22":{"start":{"line":81,"column":4},"end":{"line":81,"column":33}},"23":{"start":{"line":82,"column":4},"end":{"line":82,"column":30}},"24":{"start":{"line":84,"column":2},"end":{"line":84,"column":22}},"25":{"start":{"line":88,"column":2},"end":{"line":92,"column":4}},"26":{"start":{"line":96,"column":2},"end":{"line":96,"column":69}},"27":{"start":{"line":100,"column":2},"end":{"line":100,"column":83}},"28":{"start":{"line":104,"column":2},"end":{"line":104,"column":32}},"29":{"start":{"line":109,"column":3},"end":{"line":109,"column":109}},"30":{"start":{"line":110,"column":2},"end":{"line":112,"column":null}},"31":{"start":{"line":111,"column":3},"end":{"line":111,"column":16}},"32":{"start":{"line":115,"column":2},"end":{"line":123,"column":null}},"33":{"start":{"line":118,"column":3},"end":{"line":118,"column":41}},"34":{"start":{"line":121,"column":3},"end":{"line":121,"column":34}},"35":{"start":{"line":122,"column":3},"end":{"line":122,"column":15}},"36":{"start":{"line":124,"column":2},"end":{"line":124,"column":15}},"37":{"start":{"line":128,"column":2},"end":{"line":130,"column":null}},"38":{"start":{"line":129,"column":3},"end":{"line":129,"column":26}},"39":{"start":{"line":133,"column":2},"end":{"line":133,"column":31}},"40":{"start":{"line":137,"column":2},"end":{"line":137,"column":42}},"41":{"start":{"line":140,"column":77},"end":{"line":140,"column":79}},"42":{"start":{"line":142,"column":2},"end":{"line":144,"column":null}},"43":{"start":{"line":143,"column":4},"end":{"line":143,"column":114}},"44":{"start":{"line":145,"column":19},"end":{"line":145,"column":56}},"45":{"start":{"line":146,"column":2},"end":{"line":146,"column":55}},"46":{"start":{"line":150,"column":2},"end":{"line":153,"column":5}},"47":{"start":{"line":11,"column":0},"end":{"line":11,"column":13}}},"fnMap":{"0":{"name":"(anonymous_0)","decl":{"start":{"line":12,"column":1},"end":{"line":12,"column":21}},"loc":{"start":{"line":12,"column":54},"end":{"line":13,"column":2}}},"1":{"name":"(anonymous_1)","decl":{"start":{"line":14,"column":1},"end":{"line":14,"column":5}},"loc":{"start":{"line":14,"column":13},"end":{"line":16,"column":2}}},"2":{"name":"(anonymous_2)","decl":{"start":{"line":18,"column":1},"end":{"line":18,"column":5}},"loc":{"start":{"line":18,"column":18},"end":{"line":20,"column":2}}},"3":{"name":"(anonymous_3)","decl":{"start":{"line":22,"column":1},"end":{"line":22,"column":16}},"loc":{"start":{"line":25,"column":59},"end":{"line":43,"column":2}}},"4":{"name":"(anonymous_4)","decl":{"start":{"line":45,"column":1},"end":{"line":45,"column":18}},"loc":{"start":{"line":48,"column":59},"end":{"line":52,"column":2}}},"5":{"name":"(anonymous_5)","decl":{"start":{"line":54,"column":1},"end":{"line":54,"column":5}},"loc":{"start":{"line":54,"column":38},"end":{"line":59,"column":2}}},"6":{"name":"(anonymous_6)","decl":{"start":{"line":61,"column":1},"end":{"line":61,"column":7}},"loc":{"start":{"line":61,"column":22},"end":{"line":67,"column":2}}},"7":{"name":"(anonymous_7)","decl":{"start":{"line":69,"column":1},"end":{"line":69,"column":17}},"loc":{"start":{"line":69,"column":30},"end":{"line":77,"column":2}}},"8":{"name":"(anonymous_8)","decl":{"start":{"line":79,"column":1},"end":{"line":79,"column":6}},"loc":{"start":{"line":79,"column":6},"end":{"line":85,"column":2}}},"9":{"name":"(anonymous_9)","decl":{"start":{"line":87,"column":1},"end":{"line":87,"column":8}},"loc":{"start":{"line":87,"column":41},"end":{"line":93,"column":2}}},"10":{"name":"(anonymous_10)","decl":{"start":{"line":95,"column":1},"end":{"line":95,"column":7}},"loc":{"start":{"line":95,"column":40},"end":{"line":97,"column":2}}},"11":{"name":"(anonymous_11)","decl":{"start":{"line":99,"column":1},"end":{"line":99,"column":11}},"loc":{"start":{"line":99,"column":44},"end":{"line":101,"column":2}}},"12":{"name":"(anonymous_12)","decl":{"start":{"line":103,"column":1},"end":{"line":103,"column":10}},"loc":{"start":{"line":103,"column":25},"end":{"line":105,"column":2}}},"13":{"name":"(anonymous_13)","decl":{"start":{"line":107,"column":1},"end":{"line":107,"column":6}},"loc":{"start":{"line":107,"column":27},"end":{"line":125,"column":2}}},"14":{"name":"(anonymous_14)","decl":{"start":{"line":127,"column":1},"end":{"line":127,"column":25}},"loc":{"start":{"line":127,"column":58},"end":{"line":134,"column":2}}},"15":{"name":"(anonymous_15)","decl":{"start":{"line":136,"column":1},"end":{"line":136,"column":12}},"loc":{"start":{"line":136,"column":27},"end":{"line":138,"column":2}}},"16":{"name":"(anonymous_16)","decl":{"start":{"line":141,"column":1},"end":{"line":141,"column":16}},"loc":{"start":{"line":141,"column":39},"end":{"line":147,"column":2}}},"17":{"name":"(anonymous_17)","decl":{"start":{"line":149,"column":1},"end":{"line":149,"column":10}},"loc":{"start":{"line":149,"column":25},"end":{"line":154,"column":2}}}},"branchMap":{"0":{"loc":{"start":{"line":12,"column":21},"end":{"line":12,"column":54}},"type":"default-arg","locations":[{"start":{"line":12,"column":29},"end":{"line":12,"column":54}}]},"1":{"loc":{"start":{"line":27,"column":2},"end":{"line":39,"column":null}},"type":"if","locations":[{"start":{"line":27,"column":2},"end":{"line":39,"column":null}}]},"2":{"loc":{"start":{"line":55,"column":2},"end":{"line":57,"column":null}},"type":"if","locations":[{"start":{"line":55,"column":2},"end":{"line":57,"column":null}}]},"3":{"loc":{"start":{"line":55,"column":6},"end":{"line":55,"column":58}},"type":"binary-expr","locations":[{"start":{"line":55,"column":6},"end":{"line":55,"column":30}},{"start":{"line":55,"column":34},"end":{"line":55,"column":58}}]},"4":{"loc":{"start":{"line":63,"column":2},"end":{"line":65,"column":null}},"type":"if","locations":[{"start":{"line":63,"column":2},"end":{"line":65,"column":null}}]},"5":{"loc":{"start":{"line":89,"column":3},"end":{"line":91,"column":49}},"type":"binary-expr","locations":[{"start":{"line":89,"column":3},"end":{"line":89,"column":26}},{"start":{"line":90,"column":3},"end":{"line":90,"column":26}},{"start":{"line":91,"column":3},"end":{"line":91,"column":49}}]},"6":{"loc":{"start":{"line":96,"column":10},"end":{"line":96,"column":68}},"type":"binary-expr","locations":[{"start":{"line":96,"column":10},"end":{"line":96,"column":56}},{"start":{"line":96,"column":60},"end":{"line":96,"column":68}}]},"7":{"loc":{"start":{"line":100,"column":9},"end":{"line":100,"column":82}},"type":"binary-expr","locations":[{"start":{"line":100,"column":9},"end":{"line":100,"column":32}},{"start":{"line":100,"column":36},"end":{"line":100,"column":82}}]},"8":{"loc":{"start":{"line":109,"column":5},"end":{"line":109,"column":41}},"type":"binary-expr","locations":[{"start":{"line":109,"column":5},"end":{"line":109,"column":36}},{"start":{"line":109,"column":40},"end":{"line":109,"column":41}}]},"9":{"loc":{"start":{"line":109,"column":48},"end":{"line":109,"column":88}},"type":"binary-expr","locations":[{"start":{"line":109,"column":48},"end":{"line":109,"column":83}},{"start":{"line":109,"column":87},"end":{"line":109,"column":88}}]},"10":{"loc":{"start":{"line":110,"column":2},"end":{"line":112,"column":null}},"type":"if","locations":[{"start":{"line":110,"column":2},"end":{"line":112,"column":null}}]},"11":{"loc":{"start":{"line":115,"column":2},"end":{"line":123,"column":null}},"type":"if","locations":[{"start":{"line":115,"column":2},"end":{"line":123,"column":null}}]},"12":{"loc":{"start":{"line":127,"column":42},"end":{"line":127,"column":58}},"type":"default-arg","locations":[{"start":{"line":127,"column":48},"end":{"line":127,"column":58}}]},"13":{"loc":{"start":{"line":142,"column":2},"end":{"line":144,"column":null}},"type":"if","locations":[{"start":{"line":142,"column":2},"end":{"line":144,"column":null}}]},"14":{"loc":{"start":{"line":146,"column":9},"end":{"line":146,"column":54}},"type":"cond-expr","locations":[{"start":{"line":146,"column":25},"end":{"line":146,"column":34}},{"start":{"line":146,"column":37},"end":{"line":146,"column":54}}]}},"s":{"0":1,"1":3,"2":0,"3":10,"4":6,"5":4,"6":0,"7":0,"8":5,"9":0,"10":5,"11":29,"12":29,"13":0,"14":29,"15":1,"16":1,"17":1,"18":3,"19":3,"20":1,"21":1,"22":8,"23":8,"24":1,"25":0,"26":5,"27":0,"28":0,"29":5,"30":5,"31":0,"32":5,"33":5,"34":5,"35":5,"36":0,"37":1,"38":8,"39":1,"40":5,"41":1,"42":11,"43":5,"44":11,"45":11,"46":2,"47":1},"f":{"0":1,"1":3,"2":0,"3":10,"4":0,"5":5,"6":29,"7":1,"8":1,"9":0,"10":5,"11":0,"12":0,"13":5,"14":1,"15":5,"16":11,"17":2},"b":{"0":[1],"1":[6],"2":[0],"3":[5,5],"4":[0],"5":[0,0,0],"6":[5,0],"7":[0,0],"8":[5,5],"9":[5,0],"10":[0],"11":[5],"12":[1],"13":[5],"14":[5,6]}}
,"/home/sanchezcarlosjr/Workspace/graph-theory-on-maze/src/lib/infrastructure/database.ts": {"path":"/home/sanchezcarlosjr/Workspace/graph-theory-on-maze/src/lib/infrastructure/database.ts","statementMap":{"0":{"start":{"line":3,"column":13},"end":{"line":185,"column":2}}},"fnMap":{},"branchMap":{},"s":{"0":1},"f":{},"b":{}}
}
