TN:
SF:src/lib/domain/data_structures/BinaryHeap.ts
FN:5,(anonymous_0)
FN:9,(anonymous_1)
FN:13,(anonymous_2)
FN:17,(anonymous_3)
FN:21,(anonymous_4)
FN:28,(anonymous_5)
FN:33,(anonymous_6)
FN:40,(anonymous_7)
FN:45,(anonymous_8)
FN:51,(anonymous_9)
FN:55,(anonymous_10)
FN:63,(anonymous_11)
FNF:12
FNH:10
FNDA:8,(anonymous_0)
FNDA:0,(anonymous_1)
FNDA:0,(anonymous_2)
FNDA:57,(anonymous_3)
FNDA:15,(anonymous_4)
FNDA:33,(anonymous_5)
FNDA:37,(anonymous_6)
FNDA:3,(anonymous_7)
FNDA:1,(anonymous_8)
FNDA:7,(anonymous_9)
FNDA:23,(anonymous_10)
FNDA:45,(anonymous_11)
DA:1,1
DA:2,1
DA:4,1
DA:5,8
DA:6,8
DA:10,0
DA:14,0
DA:18,57
DA:22,15
DA:23,15
DA:24,15
DA:25,15
DA:29,33
DA:30,33
DA:34,37
DA:35,34
DA:36,34
DA:41,3
DA:42,3
DA:46,1
DA:47,6
DA:52,7
DA:57,23
DA:58,22
DA:59,22
DA:64,45
LF:26
LH:24
BRDA:5,0,0,3
BRDA:5,1,0,4
BRDA:34,2,0,71
BRDA:34,2,1,54
BRDA:57,3,0,45
BRDA:57,3,1,22
BRF:6
BRH:6
end_of_record
TN:
SF:src/lib/domain/data_structures/BinaryTree.ts
FN:2,(anonymous_0)
FN:5,(anonymous_1)
FN:9,(anonymous_2)
FN:13,(anonymous_3)
FN:22,(anonymous_4)
FN:26,(anonymous_5)
FN:30,(anonymous_6)
FN:35,(anonymous_7)
FN:41,(anonymous_8)
FN:47,(anonymous_9)
FN:53,(anonymous_10)
FN:57,(anonymous_11)
FN:61,(anonymous_12)
FN:65,(anonymous_13)
FN:69,(anonymous_14)
FN:70,(anonymous_15)
FNF:16
FNH:14
FNDA:9,(anonymous_0)
FNDA:140,(anonymous_1)
FNDA:0,(anonymous_2)
FNDA:175,(anonymous_3)
FNDA:243,(anonymous_4)
FNDA:3,(anonymous_5)
FNDA:7,(anonymous_6)
FNDA:72,(anonymous_7)
FNDA:71,(anonymous_8)
FNDA:0,(anonymous_9)
FNDA:15,(anonymous_10)
FNDA:126,(anonymous_11)
FNDA:90,(anonymous_12)
FNDA:90,(anonymous_13)
FNDA:33,(anonymous_14)
FNDA:33,(anonymous_15)
DA:1,1
DA:2,9
DA:6,140
DA:10,0
DA:15,175
DA:18,127
DA:23,243
DA:27,3
DA:31,7
DA:32,0
DA:34,7
DA:36,72
DA:42,71
DA:43,71
DA:44,71
DA:48,0
DA:49,0
DA:50,0
DA:54,15
DA:58,126
DA:62,90
DA:66,90
DA:70,33
DA:71,33
DA:72,33
LF:25
LH:20
BRDA:2,0,0,4
BRDA:15,1,0,127
BRDA:23,2,0,243
BRDA:23,2,1,37
BRDA:31,3,0,0
BRDA:36,4,0,72
BRDA:36,4,1,72
BRF:7
BRH:6
end_of_record
TN:
SF:src/lib/domain/data_structures/Heap.ts
FN:1,searchIndex
FN:4,(anonymous_1)
FN:13,minHeap
FN:17,maxHeap
FN:22,(anonymous_4)
FNF:5
FNH:5
FNDA:45,searchIndex
FNDA:135,(anonymous_1)
FNDA:102,minHeap
FNDA:50,maxHeap
FNDA:8,(anonymous_4)
DA:1,1
DA:2,45
DA:4,135
DA:13,1
DA:14,102
DA:17,1
DA:18,50
DA:21,1
DA:22,8
LF:9
LH:9
BRDA:4,0,0,26
BRDA:4,0,1,109
BRDA:4,1,0,135
BRDA:4,1,1,98
BRDA:4,2,0,98
BRDA:4,2,1,0
BRDA:22,3,0,0
BRF:7
BRH:5
end_of_record
TN:
SF:src/lib/domain/data_structures/PriorityQueue.ts
FN:4,(anonymous_0)
FN:8,(anonymous_1)
FN:12,(anonymous_2)
FN:19,(anonymous_3)
FN:27,(anonymous_4)
FN:29,(anonymous_5)
FN:33,(anonymous_6)
FN:37,(anonymous_7)
FN:46,(anonymous_8)
FN:52,(anonymous_9)
FNF:10
FNH:8
FNDA:24,(anonymous_0)
FNDA:6,(anonymous_1)
FNDA:127,(anonymous_2)
FNDA:33,(anonymous_3)
FNDA:3,(anonymous_4)
FNDA:0,(anonymous_5)
FNDA:0,(anonymous_6)
FNDA:21,(anonymous_7)
FNDA:15,(anonymous_8)
FNDA:3,(anonymous_9)
DA:1,1
DA:3,1
DA:4,24
DA:5,24
DA:9,6
DA:13,127
DA:14,0
DA:16,127
DA:20,33
DA:24,1
DA:25,3
DA:27,3
DA:30,0
DA:34,0
DA:38,21
DA:39,0
DA:41,21
DA:42,21
DA:43,21
DA:47,15
DA:48,15
DA:49,15
DA:53,3
DA:54,0
DA:56,3
DA:57,3
DA:58,3
DA:59,3
LF:28
LH:23
BRDA:4,0,0,21
BRDA:13,1,0,0
BRDA:27,2,0,3
BRDA:38,3,0,0
BRDA:53,4,0,0
BRF:5
BRH:2
end_of_record
