TN:
SF:src/lib/domain/data_structures/BinaryHeap.ts
FN:5,(anonymous_0)
FN:9,(anonymous_1)
FN:13,(anonymous_2)
FN:17,(anonymous_3)
FN:21,(anonymous_4)
FN:28,(anonymous_5)
FN:33,(anonymous_6)
FN:41,(anonymous_7)
FN:51,(anonymous_8)
FN:57,(anonymous_9)
FN:61,(anonymous_10)
FN:70,(anonymous_11)
FNF:12
FNH:10
FNDA:12,(anonymous_0)
FNDA:0,(anonymous_1)
FNDA:0,(anonymous_2)
FNDA:61,(anonymous_3)
FNDA:15,(anonymous_4)
FNDA:33,(anonymous_5)
FNDA:39,(anonymous_6)
FNDA:7,(anonymous_7)
FNDA:1,(anonymous_8)
FNDA:11,(anonymous_9)
FNDA:25,(anonymous_10)
FNDA:51,(anonymous_11)
DA:1,1
DA:2,1
DA:4,1
DA:5,12
DA:6,12
DA:10,0
DA:14,0
DA:18,61
DA:22,15
DA:23,15
DA:24,15
DA:25,15
DA:29,33
DA:30,33
DA:34,39
DA:35,37
DA:36,37
DA:38,39
DA:42,7
DA:43,7
DA:44,5
DA:46,2
DA:47,2
DA:52,1
DA:53,6
DA:58,11
DA:63,25
DA:64,26
DA:65,26
DA:67,25
DA:71,51
LF:31
LH:29
BRDA:5,0,0,3
BRDA:5,1,0,4
BRDA:34,2,0,76
BRDA:34,2,1,57
BRDA:43,3,0,5
BRDA:63,4,0,51
BRDA:63,4,1,26
BRF:7
BRH:7
end_of_record
TN:
SF:src/lib/domain/data_structures/BinaryTree.ts
FN:2,(anonymous_0)
FN:5,(anonymous_1)
FN:9,(anonymous_2)
FN:13,(anonymous_3)
FN:22,(anonymous_4)
FN:26,(anonymous_5)
FN:32,(anonymous_6)
FN:37,(anonymous_7)
FN:43,(anonymous_8)
FN:49,(anonymous_9)
FN:55,(anonymous_10)
FN:59,(anonymous_11)
FN:63,(anonymous_12)
FN:67,(anonymous_13)
FN:71,(anonymous_14)
FN:72,(anonymous_15)
FNF:16
FNH:14
FNDA:13,(anonymous_0)
FNDA:144,(anonymous_1)
FNDA:0,(anonymous_2)
FNDA:189,(anonymous_3)
FNDA:267,(anonymous_4)
FNDA:7,(anonymous_5)
FNDA:11,(anonymous_6)
FNDA:114,(anonymous_7)
FNDA:78,(anonymous_8)
FNDA:0,(anonymous_9)
FNDA:15,(anonymous_10)
FNDA:135,(anonymous_11)
FNDA:102,(anonymous_12)
FNDA:102,(anonymous_13)
FNDA:33,(anonymous_14)
FNDA:33,(anonymous_15)
DA:1,1
DA:2,13
DA:6,144
DA:10,0
DA:15,189
DA:18,127
DA:23,267
DA:27,7
DA:28,7
DA:29,7
DA:33,11
DA:34,0
DA:36,11
DA:38,114
DA:44,78
DA:45,78
DA:46,78
DA:50,0
DA:51,0
DA:52,0
DA:56,15
DA:60,135
DA:64,102
DA:68,102
DA:72,33
DA:73,33
DA:74,33
LF:27
LH:22
BRDA:2,0,0,4
BRDA:15,1,0,127
BRDA:23,2,0,267
BRDA:23,2,1,42
BRDA:33,3,0,0
BRDA:38,4,0,114
BRDA:38,4,1,114
BRF:7
BRH:6
end_of_record
TN:
SF:src/lib/domain/data_structures/Heap.ts
FN:1,searchIndex
FN:4,(anonymous_1)
FN:13,minHeap
FN:17,maxHeap
FN:22,(anonymous_4)
FNF:5
FNH:5
FNDA:51,searchIndex
FNDA:153,(anonymous_1)
FNDA:115,minHeap
FNDA:60,maxHeap
FNDA:12,(anonymous_4)
DA:1,1
DA:2,51
DA:4,153
DA:13,1
DA:14,115
DA:17,1
DA:18,60
DA:21,1
DA:22,12
LF:9
LH:9
BRDA:4,0,0,31
BRDA:4,0,1,122
BRDA:4,1,0,153
BRDA:4,1,1,111
BRDA:4,2,0,111
BRDA:4,2,1,0
BRDA:22,3,0,0
BRF:7
BRH:5
end_of_record
TN:
SF:src/lib/domain/data_structures/PriorityQueue.ts
FN:4,(anonymous_0)
FN:8,(anonymous_1)
FN:12,(anonymous_2)
FN:19,(anonymous_3)
FN:27,(anonymous_4)
FN:29,(anonymous_5)
FN:33,(anonymous_6)
FN:37,(anonymous_7)
FN:46,(anonymous_8)
FN:52,(anonymous_9)
FNF:10
FNH:8
FNDA:24,(anonymous_0)
FNDA:6,(anonymous_1)
FNDA:127,(anonymous_2)
FNDA:33,(anonymous_3)
FNDA:3,(anonymous_4)
FNDA:0,(anonymous_5)
FNDA:0,(anonymous_6)
FNDA:21,(anonymous_7)
FNDA:15,(anonymous_8)
FNDA:3,(anonymous_9)
DA:1,1
DA:3,1
DA:4,24
DA:5,24
DA:9,6
DA:13,127
DA:14,0
DA:16,127
DA:20,33
DA:24,1
DA:25,3
DA:27,3
DA:30,0
DA:34,0
DA:38,21
DA:39,0
DA:41,21
DA:42,21
DA:43,21
DA:47,15
DA:48,15
DA:49,15
DA:53,3
DA:54,0
DA:56,3
DA:57,3
DA:58,3
DA:59,3
LF:28
LH:23
BRDA:4,0,0,21
BRDA:13,1,0,0
BRDA:27,2,0,3
BRDA:38,3,0,0
BRDA:53,4,0,0
BRF:5
BRH:2
end_of_record
TN:
SF:src/lib/domain/data_structures/Queue.ts
FN:6,(anonymous_0)
FN:7,(anonymous_1)
FN:9,(anonymous_2)
FN:13,(anonymous_3)
FN:19,(anonymous_4)
FN:22,(anonymous_5)
FN:25,(anonymous_6)
FN:28,(anonymous_7)
FN:31,(anonymous_8)
FN:33,(anonymous_9)
FNF:10
FNH:10
FNDA:3,(anonymous_0)
FNDA:4,(anonymous_1)
FNDA:12,(anonymous_2)
FNDA:11,(anonymous_3)
FNDA:11,(anonymous_4)
FNDA:8,(anonymous_5)
FNDA:8,(anonymous_6)
FNDA:1,(anonymous_7)
FNDA:2,(anonymous_8)
FNDA:8,(anonymous_9)
DA:2,1
DA:3,3
DA:4,3
DA:5,3
DA:7,4
DA:10,12
DA:11,12
DA:14,11
DA:15,11
DA:16,11
DA:17,11
DA:20,11
DA:23,8
DA:26,8
DA:29,1
DA:32,2
DA:34,8
DA:35,2
DA:40,6
LF:19
LH:19
BRDA:34,0,0,2
BRF:1
BRH:1
end_of_record
TN:
SF:src/lib/domain/data_structures/RandomBetweenNumbers.ts
FN:1,randomBetweenNumbers
FN:5,randomBetweenArray
FN:10,randomArray
FN:19,randomBetweenSet
FNF:4
FNH:2
FNDA:2,randomBetweenNumbers
FNDA:0,randomBetweenArray
FNDA:1,randomArray
FNDA:0,randomBetweenSet
DA:1,1
DA:2,2
DA:5,1
DA:6,0
DA:7,0
DA:10,1
DA:11,1
DA:12,1
DA:13,2
DA:14,2
DA:16,1
DA:19,1
DA:20,0
DA:21,0
DA:22,0
LF:15
LH:10
BRF:0
BRH:0
end_of_record
